Build started 3/4/2012 7:57:02 PM.
Project "C:\College\Year 1\term 3\Intermediate Programming\Week 8\adcock_week8 - project\adcock_week3\adcock_week3.vcxproj" on node 2 (build target(s)).
InitializeBuildStatus:
  Creating "Debug\adcock_week3.unsuccessfulbuild" because "AlwaysCreate" was specified.
ClCompile:
  c:\Program Files\Microsoft Visual Studio 10.0\VC\bin\CL.exe /c /ZI /nologo /W3 /WX- /Od /Oy- /D _MBCS /Gm /EHsc /RTC1 /MDd /GS /fp:precise /Zc:wchar_t /Zc:forScope /Fo"Debug\\" /Fd"Debug\vc100.pdb" /Gd /TP /analyze- /errorReport:prompt main.cpp
  main.cpp
Link:
  c:\Program Files\Microsoft Visual Studio 10.0\VC\bin\link.exe /ERRORREPORT:PROMPT /OUT:"C:\College\Year 1\term 3\Intermediate Programming\Week 8\adcock_week8 - project\Debug\adcock_week3.exe" /NOLOGO kernel32.lib user32.lib gdi32.lib winspool.lib comdlg32.lib advapi32.lib shell32.lib ole32.lib oleaut32.lib uuid.lib odbc32.lib odbccp32.lib /MANIFEST /ManifestFile:"Debug\adcock_week3.exe.intermediate.manifest" /MANIFESTUAC:"level='asInvoker' uiAccess='false'" /DEBUG /PDB:"C:\College\Year 1\term 3\Intermediate Programming\Week 8\adcock_week8 - project\Debug\adcock_week3.pdb" /TLBID:1 /DYNAMICBASE /NXCOMPAT /IMPLIB:"C:\College\Year 1\term 3\Intermediate Programming\Week 8\adcock_week8 - project\Debug\adcock_week3.lib" /MACHINE:X86 Debug\imagineGun.obj
  Debug\meleeWeapon.obj
  Debug\main.obj
  Debug\operatorImp.obj
  LINK : C:\College\Year 1\term 3\Intermediate Programming\Week 8\adcock_week8 - project\Debug\adcock_week3.exe not found or not built by the last incremental link; performing full link
  adcock_week3.vcxproj -> C:\College\Year 1\term 3\Intermediate Programming\Week 8\adcock_week8 - project\Debug\adcock_week3.exe
Manifest:
  C:\Program Files\Microsoft SDKs\Windows\v7.0A\bin\mt.exe /nologo /verbose /outputresource:"C:\College\Year 1\term 3\Intermediate Programming\Week 8\adcock_week8 - project\Debug\adcock_week3.exe;#1" /manifest Debug\adcock_week3.exe.intermediate.manifest
FinalizeBuildStatus:
  Deleting file "Debug\adcock_week3.unsuccessfulbuild".
  Touching "Debug\adcock_week3.lastbuildstate".
Done Building Project "C:\College\Year 1\term 3\Intermediate Programming\Week 8\adcock_week8 - project\adcock_week3\adcock_week3.vcxproj" (build target(s)).

Build succeeded.

Time Elapsed 00:00:07.81
